[2019-05-05T20:34:49.347] [TRACE] stdout - reouter
[2019-05-05T20:34:51.121] [TRACE] stdout - reouter
[2019-05-05T20:35:59.030] [ERROR] stdout - reouter
[2019-05-05T20:50:40.868] [TRACE] stdout - Nuevo usuario registrado con id: 5ccf3080d4bc6c12a8bb83dc
[2019-05-05T21:06:17.051] [TRACE] stdout - Nuevo usuario registrado con id: 5ccf3428f861c845606cb0ca
[2019-05-05T21:06:19.199] [TRACE] stdout - Nuevo usuario registrado con id: 5ccf342bf861c845606cb0cb
[2019-05-05T21:06:21.437] [TRACE] stdout - Nuevo usuario registrado con id: 5ccf342df861c845606cb0cc
[2019-05-05T21:06:23.596] [TRACE] stdout - Nuevo usuario registrado con id: 5ccf342ff861c845606cb0cd
[2019-05-05T21:06:25.745] [TRACE] stdout - Nuevo usuario registrado con id: 5ccf3431f861c845606cb0ce
[2019-05-05T21:06:27.963] [TRACE] stdout - Nuevo usuario registrado con id: 5ccf3433f861c845606cb0cf
[2019-05-05T21:06:30.128] [TRACE] stdout - Nuevo usuario registrado con id: 5ccf3436f861c845606cb0d0
[2019-05-05T21:08:04.287] [TRACE] stdout - Nuevo usuario registrado con id: 5ccf349461a97e393cb7606c
[2019-05-05T21:08:06.459] [TRACE] stdout - Nuevo usuario registrado con id: 5ccf349661a97e393cb7606d
[2019-05-05T21:08:08.667] [TRACE] stdout - Nuevo usuario registrado con id: 5ccf349861a97e393cb7606e
[2019-05-05T21:08:10.859] [TRACE] stdout - Nuevo usuario registrado con id: 5ccf349a61a97e393cb7606f
[2019-05-05T21:08:13.032] [TRACE] stdout - Nuevo usuario registrado con id: 5ccf349c61a97e393cb76070
[2019-05-05T21:08:15.272] [TRACE] stdout - Nuevo usuario registrado con id: 5ccf349f61a97e393cb76071
[2019-05-05T21:08:17.444] [TRACE] stdout - Nuevo usuario registrado con id: 5ccf34a161a97e393cb76072
[2019-05-05T21:08:24.535] [TRACE] stdout - Usuario identificado como usuario estándar
[2019-05-05T21:08:29.422] [TRACE] stdout - Usuario identificado como usuario estándar
[2019-05-05T21:08:30.624] [TRACE] stdout - Usuario:prueba1@prueba1.com cierra la sesión
[2019-05-05T21:08:31.704] [TRACE] stdout - Usuario identificado como administrador
[2019-05-05T21:08:33.086] [TRACE] stdout - Usuario identificado como administrador
[2019-05-05T21:08:35.532] [TRACE] stdout - Borrado de usuario stisfactorio
[2019-05-05T21:08:36.886] [TRACE] stdout - Usuario identificado como administrador
[2019-05-05T21:08:39.319] [TRACE] stdout - Borrado de usuario stisfactorio
[2019-05-05T21:08:40.765] [TRACE] stdout - Usuario identificado como administrador
[2019-05-05T21:08:43.606] [TRACE] stdout - Borrado de usuario stisfactorio
[2019-05-05T21:08:46.170] [TRACE] stdout - Nuevo usuario registrado con id: 5ccf34be61a97e393cb76073
[2019-05-05T21:08:47.109] [TRACE] stdout - Usuario identificado como usuario estándar
[2019-05-05T21:08:51.543] [TRACE] stdout - Usuario identificado como usuario estándar
[2019-05-05T21:08:54.554] [TRACE] stdout - Usuario identificado como usuario estándar
[2019-05-05T21:09:01.213] [TRACE] stdout - Usuario identificado como usuario estándar
[2019-05-05T21:09:03.065] [TRACE] stdout - Oferta eliminada correctamente
[2019-05-05T21:09:05.128] [TRACE] stdout - Usuario identificado como usuario estándar
[2019-05-05T21:09:07.152] [TRACE] stdout - Oferta eliminada correctamente
[2019-05-05T21:09:09.241] [TRACE] stdout - Usuario identificado como usuario estándar
[2019-05-05T21:09:17.554] [TRACE] stdout - Usuario:prueba2@prueba2.com cierra la sesión
[2019-05-05T21:09:18.501] [TRACE] stdout - Usuario identificado como usuario estándar
[2019-05-05T21:09:20.117] [TRACE] stdout - Ofertas paginadas cargadas correctamente
[2019-05-05T21:09:20.596] [TRACE] stdout - Ofertas paginadas cargadas correctamente
[2019-05-05T21:09:21.628] [TRACE] stdout - Usuario identificado como usuario estándar
[2019-05-05T21:09:23.136] [TRACE] stdout - Ofertas paginadas cargadas correctamente
[2019-05-05T21:09:23.629] [TRACE] stdout - Ofertas paginadas cargadas correctamente
[2019-05-05T21:09:24.642] [TRACE] stdout - Usuario identificado como usuario estándar
[2019-05-05T21:09:26.186] [TRACE] stdout - Ofertas paginadas cargadas correctamente
[2019-05-05T21:09:26.675] [TRACE] stdout - Ofertas paginadas cargadas correctamente
[2019-05-05T21:09:27.152] [TRACE] stdout - Ofertas paginadas cargadas correctamente
[2019-05-05T21:09:27.647] [TRACE] stdout - Ofertas paginadas cargadas correctamente
[2019-05-05T21:09:28.797] [TRACE] stdout - Usuario identificado como usuario estándar
[2019-05-05T21:09:30.298] [TRACE] stdout - Ofertas paginadas cargadas correctamente
[2019-05-05T21:09:30.786] [TRACE] stdout - Ofertas paginadas cargadas correctamente
[2019-05-05T21:09:37.019] [TRACE] stdout - Usuario identificado como usuario estándar
[2019-05-05T21:09:40.496] [TRACE] stdout - Usuario:prueba2@prueba2.com cierra la sesión
[2019-05-05T21:09:41.446] [TRACE] stdout - Usuario identificado como usuario estándar
[2019-05-05T21:09:42.948] [TRACE] stdout - Ofertas paginadas cargadas correctamente
[2019-05-05T21:09:43.436] [TRACE] stdout - Ofertas paginadas cargadas correctamente
[2019-05-05T21:10:14.255] [TRACE] stdout - Usuario identificado como usuario estándar
[2019-05-05T21:10:45.380] [TRACE] stdout - Usuario identificado como usuario estándar
[2019-05-05T21:10:46.921] [TRACE] stdout - Ofertas paginadas cargadas correctamente
[2019-05-05T21:10:47.435] [TRACE] stdout - Ofertas paginadas cargadas correctamente
[2019-05-05T21:11:11.847] [TRACE] stdout - Usuario identificado como usuario estándar
[2019-05-05T21:11:13.357] [TRACE] stdout - Ofertas paginadas cargadas correctamente
[2019-05-05T21:11:13.857] [TRACE] stdout - Ofertas paginadas cargadas correctamente
[2019-05-05T21:18:01.149] [TRACE] stdout - Nuevo usuario registrado con id: 5ccf36e938aa6b31403b7c46
[2019-05-05T21:18:03.305] [TRACE] stdout - Nuevo usuario registrado con id: 5ccf36eb38aa6b31403b7c47
[2019-05-05T21:18:05.464] [TRACE] stdout - Nuevo usuario registrado con id: 5ccf36ed38aa6b31403b7c48
[2019-05-05T21:18:07.689] [TRACE] stdout - Nuevo usuario registrado con id: 5ccf36ef38aa6b31403b7c49
[2019-05-05T21:18:11.402] [TRACE] stdout - Nuevo usuario registrado con id: 5ccf36f338aa6b31403b7c4a
[2019-05-05T21:18:15.772] [TRACE] stdout - Nuevo usuario registrado con id: 5ccf36f738aa6b31403b7c4b
[2019-05-05T21:18:20.116] [TRACE] stdout - Nuevo usuario registrado con id: 5ccf36fc38aa6b31403b7c4c
[2019-05-05T21:18:37.286] [TRACE] stdout - Usuario identificado como usuario estándar
[2019-05-05T21:18:46.945] [TRACE] stdout - Usuario identificado como usuario estándar
[2019-05-05T21:18:48.439] [TRACE] stdout - Usuario:prueba1@prueba1.com cierra la sesión
[2019-05-05T21:18:50.976] [TRACE] stdout - Usuario identificado como administrador
[2019-05-05T21:18:53.553] [TRACE] stdout - Usuario identificado como administrador
[2019-05-05T21:18:56.687] [TRACE] stdout - Borrado de usuario stisfactorio
[2019-05-05T21:18:59.295] [TRACE] stdout - Usuario identificado como administrador
[2019-05-05T21:19:02.481] [TRACE] stdout - Borrado de usuario stisfactorio
[2019-05-05T21:19:05.064] [TRACE] stdout - Usuario identificado como administrador
[2019-05-05T21:19:09.379] [TRACE] stdout - Borrado de usuario stisfactorio
[2019-05-05T21:19:14.419] [TRACE] stdout - Nuevo usuario registrado con id: 5ccf373238aa6b31403b7c4d
[2019-05-05T21:19:16.328] [TRACE] stdout - Usuario identificado como usuario estándar
[2019-05-05T21:19:23.598] [TRACE] stdout - Usuario identificado como usuario estándar
[2019-05-05T21:19:29.454] [TRACE] stdout - Usuario identificado como usuario estándar
[2019-05-05T21:19:40.700] [TRACE] stdout - Usuario identificado como usuario estándar
[2019-05-05T21:19:42.759] [TRACE] stdout - Oferta eliminada correctamente
[2019-05-05T21:19:46.043] [TRACE] stdout - Usuario identificado como usuario estándar
[2019-05-05T21:19:48.135] [TRACE] stdout - Oferta eliminada correctamente
[2019-05-05T21:19:51.400] [TRACE] stdout - Usuario identificado como usuario estándar
[2019-05-05T21:20:04.840] [TRACE] stdout - Usuario:prueba2@prueba2.com cierra la sesión
[2019-05-05T21:20:06.739] [TRACE] stdout - Usuario identificado como usuario estándar
[2019-05-05T21:20:08.510] [TRACE] stdout - Ofertas paginadas cargadas correctamente
[2019-05-05T21:20:09.246] [TRACE] stdout - Ofertas paginadas cargadas correctamente
[2019-05-05T21:20:11.477] [TRACE] stdout - Usuario identificado como usuario estándar
[2019-05-05T21:20:13.271] [TRACE] stdout - Ofertas paginadas cargadas correctamente
[2019-05-05T21:20:14.021] [TRACE] stdout - Ofertas paginadas cargadas correctamente
[2019-05-05T21:20:16.228] [TRACE] stdout - Usuario identificado como usuario estándar
[2019-05-05T21:20:17.990] [TRACE] stdout - Ofertas paginadas cargadas correctamente
[2019-05-05T21:20:18.747] [TRACE] stdout - Ofertas paginadas cargadas correctamente
[2019-05-05T21:20:19.478] [TRACE] stdout - Ofertas paginadas cargadas correctamente
[2019-05-05T21:20:20.216] [TRACE] stdout - Ofertas paginadas cargadas correctamente
[2019-05-05T21:20:22.410] [TRACE] stdout - Usuario identificado como usuario estándar
[2019-05-05T21:20:24.189] [TRACE] stdout - Ofertas paginadas cargadas correctamente
[2019-05-05T21:20:24.949] [TRACE] stdout - Ofertas paginadas cargadas correctamente
[2019-05-05T21:20:27.005] [TRACE] stdout - Compra de ña oferta: 5ccf374538aa6b31403b7c4f realizada con exito
[2019-05-05T21:20:27.395] [TRACE] stdout - Ofertas paginadas cargadas correctamente
[2019-05-05T21:20:29.625] [TRACE] stdout - Usuario identificado como usuario estándar
[2019-05-05T21:20:35.001] [TRACE] stdout - Usuario:prueba2@prueba2.com cierra la sesión
[2019-05-05T21:20:35.979] [TRACE] stdout - Usuario identificado como usuario estándar
[2019-05-05T21:20:37.499] [TRACE] stdout - Ofertas paginadas cargadas correctamente
[2019-05-05T21:20:37.998] [TRACE] stdout - Ofertas paginadas cargadas correctamente
[2019-05-05T21:20:39.866] [TRACE] stdout - Compra de ña oferta: 5ccf378138aa6b31403b7c55 realizada con exito
[2019-05-05T21:20:40.259] [TRACE] stdout - Ofertas paginadas cargadas correctamente
[2019-05-05T21:20:41.247] [TRACE] stdout - Usuario identificado como usuario estándar
[2019-05-05T21:20:42.755] [TRACE] stdout - Ofertas paginadas cargadas correctamente
[2019-05-05T21:20:43.248] [TRACE] stdout - Ofertas paginadas cargadas correctamente
[2019-05-05T21:20:44.243] [TRACE] stdout - Usuario identificado como usuario estándar
[2019-05-05T21:20:49.378] [TRACE] stdout - Usuario identificado como usuario estándar
[2019-05-05T21:20:52.747] [TRACE] stdout - Usuario:prueba1@prueba1.com cierra la sesión
[2019-05-05T21:23:49.227] [TRACE] stdout - Usuario identificado como usuario estándar
[2019-05-05T21:23:51.956] [TRACE] stdout - Ofertas paginadas cargadas correctamente
[2019-05-05T21:26:25.549] [TRACE] stdout - Usuario identificado como usuario estándar
[2019-05-05T21:29:08.474] [TRACE] stdout - Usuario identificado como usuario estándar
[2019-05-05T21:34:19.564] [TRACE] stdout - Usuario identificado como usuario estándar
[2019-05-05T22:08:07.418] [TRACE] stdout - Usuario identificado como usuario estándar
